<?xml version="1.0" encoding="UTF-8"?>
<testsuite name="agh.ics.oop.Vector2dTest" tests="1" skipped="0" failures="0" errors="0" timestamp="2021-11-03T21:07:45" hostname="DESKTOP-QVLD92S" time="0.018">
  <properties/>
  <testcase name="testOpposite()" classname="agh.ics.oop.Vector2dTest" time="0.018"/>
  <system-out><![CDATA[]]></system-out>
  <system-err><![CDATA[]]></system-err>
</testsuite>
