<?xml version="1.0" encoding="UTF-8"?>
<testsuite name="agh.ics.oop.GrassFieldTest" tests="1" skipped="0" failures="0" errors="0" timestamp="2021-12-16T14:01:08" hostname="DESKTOP-QVLD92S" time="0.042">
  <properties/>
  <testcase name="CheckPlace()" classname="agh.ics.oop.GrassFieldTest" time="0.042"/>
  <system-out><![CDATA[ y\x  1 2 3 4 5 6 7 8 910
 11: ---------------------
 10: |*| | | | | | | | | |
  9: | | | | | | | | | |*|
  8: | | | | | | | | | | |
  7: | |*| |*| | | | | | |
  6: | | | | | | | | | |*|
  5: | | |(3,5) E| | | |*| | |*|
  4: | | | | | | | | | | |
  3: | | | | | | |*| | | |
  2: | | | | | | | | | | |
  1: | |(2,1) E| | | |*| | | | |
  0: | | | | | | | | |*| |
 -1: ---------------------

]]></system-out>
  <system-err><![CDATA[]]></system-err>
</testsuite>
