<?xml version="1.0" encoding="UTF-8"?>
<testsuite name="agh.ics.oop.MapTest" tests="1" skipped="0" failures="0" errors="0" timestamp="2021-11-25T14:29:03" hostname="DESKTOP-QVLD92S" time="0.199">
  <properties/>
  <testcase name="CheckMove()" classname="agh.ics.oop.MapTest" time="0.199"/>
  <system-out><![CDATA[ y\x  0 1 2 3 4 5 6 7 8 910
  6: -----------------------
  5: | | | | | | | | | | | |
  4: | | | |(3,4) N| | | | | | | |
  3: | | | | | | | | | | | |
  2: | | |(2,2) E| | | | | | | | |
  1: | | | | | | | | | | | |
  0: | | | | | | | | | | | |
 -1: -----------------------

 y\x  0 1 2 3 4 5 6 7 8 910
  6: -----------------------
  5: | | | |(3,5) N| | | | | | | |
  4: | | | | | | | | | | | |
  3: | | | | | | | | | | | |
  2: | | |(2,2) E| | | | | | | | |
  1: | | | | | | | | | | | |
  0: | | | | | | | | | | | |
 -1: -----------------------

 y\x  0 1 2 3 4 5 6 7 8 910
  6: -----------------------
  5: | | | |(3,5) N| | | | | | | |
  4: | | | | | | | | | | | |
  3: | | | | | | | | | | | |
  2: | | | |(3,2) E| | | | | | | |
  1: | | | | | | | | | | | |
  0: | | | | | | | | | | | |
 -1: -----------------------

 y\x  0 1 2 3 4 5 6 7 8 91011121314151617181920
 11: -------------------------------------------
 10: | | | | | | | | | | | | | | | | | | | | | |
  9: | | | | | | | | | | | | | | | | | | | | | |
  8: | | | | | | | | | | | | | | | | | | | | | |
  7: | | | | | | | | | | | | | | | | | | | | | |
  6: | | | | | | | | | | | | | | | | | | | | | |
  5: | | | | | | | | | | | | | | | | | | | | | |
  4: | | | |(3,4) N| | | | | | | | | | | | | | | | | |
  3: | | | | | | | | | | | | | | | | | | | | | |
  2: | | |(2,2) E| | | | | | | | | | | | | | | | | | |
  1: | | | | | | | | | | | | | | | | | | | | | |
  0: | | | | | | | | | | | | | | | | | | | | | |
 -1: -------------------------------------------

 y\x  0 1 2 3 4 5 6 7 8 91011121314151617181920
 11: -------------------------------------------
 10: | | | | | | | | | | | | | | | | | | | | | |
  9: | | | | | | | | | | | | | | | | | | | | | |
  8: | | | | | | | | | | | | | | | | | | | | | |
  7: | | | | | | | | | | | | | | | | | | | | | |
  6: | | | | | | | | | | | | | | | | | | | | | |
  5: | | | |(3,5) N| | | | | | | | | | | | | | | | | |
  4: | | | | | | | | | | | | | | | | | | | | | |
  3: | | | | | | | | | | | | | | | | | | | | | |
  2: | | |(2,2) E| | | | | | | | | | | | | | | | | | |
  1: | | | | | | | | | | | | | | | | | | | | | |
  0: | | | | | | | | | | | | | | | | | | | | | |
 -1: -------------------------------------------

 y\x  0 1 2 3 4 5 6 7 8 91011121314151617181920
 11: -------------------------------------------
 10: | | | | | | | | | | | | | | | | | | | | | |
  9: | | | | | | | | | | | | | | | | | | | | | |
  8: | | | | | | | | | | | | | | | | | | | | | |
  7: | | | | | | | | | | | | | | | | | | | | | |
  6: | | | | | | | | | | | | | | | | | | | | | |
  5: | | | |(3,5) N| | | | | | | | | | | | | | | | | |
  4: | | | | | | | | | | | | | | | | | | | | | |
  3: | | | | | | | | | | | | | | | | | | | | | |
  2: | | | |(3,2) E| | | | | | | | | | | | | | | | | |
  1: | | | | | | | | | | | | | | | | | | | | | |
  0: | | | | | | | | | | | | | | | | | | | | | |
 -1: -------------------------------------------

 y\x  0 1 2 3 4 5 6 7 8 91011121314151617181920
 11: -------------------------------------------
 10: | | | | | | | | | | | | | | | | | | | | | |
  9: | | | | | | | | | | | | | | | | | | | | | |
  8: | | | | | | | | | | | | | | | | | | | | | |
  7: | | | | | | | | | | | | | | | | | | | | | |
  6: | | | | | | | | | | | | | | | | | | | | | |
  5: | | | |(3,5) W| | | | | | | | | | | | | | | | | |
  4: | | | | | | | | | | | | | | | | | | | | | |
  3: | | | | | | | | | | | | | | | | | | | | | |
  2: | | | |(3,2) E| | | | | | | | | | | | | | | | | |
  1: | | | | | | | | | | | | | | | | | | | | | |
  0: | | | | | | | | | | | | | | | | | | | | | |
 -1: -------------------------------------------

 y\x  0 1 2 3 4 5 6 7 8 91011121314151617181920
 11: -------------------------------------------
 10: | | | | | | | | | | | | | | | | | | | | | |
  9: | | | | | | | | | | | | | | | | | | | | | |
  8: | | | | | | | | | | | | | | | | | | | | | |
  7: | | | | | | | | | | | | | | | | | | | | | |
  6: | | | | | | | | | | | | | | | | | | | | | |
  5: | | | |(3,5) W| | | | | | | | | | | | | | | | | |
  4: | | | | | | | | | | | | | | | | | | | | | |
  3: | | | | | | | | | | | | | | | | | | | | | |
  2: | | | |(3,2) N| | | | | | | | | | | | | | | | | |
  1: | | | | | | | | | | | | | | | | | | | | | |
  0: | | | | | | | | | | | | | | | | | | | | | |
 -1: -------------------------------------------

 y\x  0 1 2 3 4 5 6 7 8 91011121314151617181920
 11: -------------------------------------------
 10: | | | | | | | | | | | | | | | | | | | | | |
  9: | | | | | | | | | | | | | | | | | | | | | |
  8: | | | | | | | | | | | | | | | | | | | | | |
  7: | | | | | | | | | | | | | | | | | | | | | |
  6: | | | | | | | | | | | | | | | | | | | | | |
  5: | | | | |(4,5) W| | | | | | | | | | | | | | | | |
  4: | | | | | | | | | | | | | | | | | | | | | |
  3: | | | | | | | | | | | | | | | | | | | | | |
  2: | | | |(3,2) N| | | | | | | | | | | | | | | | | |
  1: | | | | | | | | | | | | | | | | | | | | | |
  0: | | | | | | | | | | | | | | | | | | | | | |
 -1: -------------------------------------------

 y\x  0 1 2 3 4 5 6 7 8 91011121314151617181920
 11: -------------------------------------------
 10: | | | | | | | | | | | | | | | | | | | | | |
  9: | | | | | | | | | | | | | | | | | | | | | |
  8: | | | | | | | | | | | | | | | | | | | | | |
  7: | | | | | | | | | | | | | | | | | | | | | |
  6: | | | | | | | | | | | | | | | | | | | | | |
  5: | | | | |(4,5) W| | | | | | | | | | | | | | | | |
  4: | | | | | | | | | | | | | | | | | | | | | |
  3: | | | | | | | | | | | | | | | | | | | | | |
  2: | | | | | | | | | | | | | | | | | | | | | |
  1: | | | |(3,1) N| | | | | | | | | | | | | | | | | |
  0: | | | | | | | | | | | | | | | | | | | | | |
 -1: -------------------------------------------

 y\x  0 1 2 3 4 5 6 7 8 91011121314151617181920
 11: -------------------------------------------
 10: | | | | | | | | | | | | | | | | | | | | | |
  9: | | | | | | | | | | | | | | | | | | | | | |
  8: | | | | | | | | | | | | | | | | | | | | | |
  7: | | | | | | | | | | | | | | | | | | | | | |
  6: | | | | | | | | | | | | | | | | | | | | | |
  5: | | | | | |(5,5) W| | | | | | | | | | | | | | | |
  4: | | | | | | | | | | | | | | | | | | | | | |
  3: | | | | | | | | | | | | | | | | | | | | | |
  2: | | | | | | | | | | | | | | | | | | | | | |
  1: | | | |(3,1) N| | | | | | | | | | | | | | | | | |
  0: | | | | | | | | | | | | | | | | | | | | | |
 -1: -------------------------------------------

 y\x  0 1 2 3 4 5 6 7 8 91011121314151617181920
 11: -------------------------------------------
 10: | | | | | | | | | | | | | | | | | | | | | |
  9: | | | | | | | | | | | | | | | | | | | | | |
  8: | | | | | | | | | | | | | | | | | | | | | |
  7: | | | | | | | | | | | | | | | | | | | | | |
  6: | | | | | | | | | | | | | | | | | | | | | |
  5: | | | | | |(5,5) W| | | | | | | | | | | | | | | |
  4: | | | | | | | | | | | | | | | | | | | | | |
  3: | | | | | | | | | | | | | | | | | | | | | |
  2: | | | | | | | | | | | | | | | | | | | | | |
  1: | | | | | | | | | | | | | | | | | | | | | |
  0: | | | |(3,0) N| | | | | | | | | | | | | | | | | |
 -1: -------------------------------------------

 y\x  0 1 2 3 4 5 6 7 8 91011121314151617181920
 11: -------------------------------------------
 10: | | | | | | | | | | | | | | | | | | | | | |
  9: | | | | | | | | | | | | | | | | | | | | | |
  8: | | | | | | | | | | | | | | | | | | | | | |
  7: | | | | | | | | | | | | | | | | | | | | | |
  6: | | | | | | | | | | | | | | | | | | | | | |
  5: | | | | | | |(6,5) W| | | | | | | | | | | | | | |
  4: | | | | | | | | | | | | | | | | | | | | | |
  3: | | | | | | | | | | | | | | | | | | | | | |
  2: | | | | | | | | | | | | | | | | | | | | | |
  1: | | | | | | | | | | | | | | | | | | | | | |
  0: | | | |(3,0) N| | | | | | | | | | | | | | | | | |
 -1: -------------------------------------------

 y\x  0 1 2 3 4 5 6 7 8 91011121314151617181920
 11: -------------------------------------------
 10: | | | | | | | | | | | | | | | | | | | | | |
  9: | | | | | | | | | | | | | | | | | | | | | |
  8: | | | | | | | | | | | | | | | | | | | | | |
  7: | | | | | | | | | | | | | | | | | | | | | |
  6: | | | | | | | | | | | | | | | | | | | | | |
  5: | | | | | | |(6,5) W| | | | | | | | | | | | | | |
  4: | | | | | | | | | | | | | | | | | | | | | |
  3: | | | | | | | | | | | | | | | | | | | | | |
  2: | | | | | | | | | | | | | | | | | | | | | |
  1: | | | | | | | | | | | | | | | | | | | | | |
  0: | | | |(3,0) N| | | | | | | | | | | | | | | | | |
 -1: -------------------------------------------

 y\x  0 1 2 3 4 5 6 7 8 91011121314151617181920
 11: -------------------------------------------
 10: | | | | | | | | | | | | | | | | | | | | | |
  9: | | | | | | | | | | | | | | | | | | | | | |
  8: | | | | | | | | | | | | | | | | | | | | | |
  7: | | | | | | | | | | | | | | | | | | | | | |
  6: | | | | | | | | | | | | | | | | | | | | | |
  5: | | | | | | | |(7,5) W| | | | | | | | | | | | | |
  4: | | | | | | | | | | | | | | | | | | | | | |
  3: | | | | | | | | | | | | | | | | | | | | | |
  2: | | | | | | | | | | | | | | | | | | | | | |
  1: | | | | | | | | | | | | | | | | | | | | | |
  0: | | | |(3,0) N| | | | | | | | | | | | | | | | | |
 -1: -------------------------------------------

 y\x  0 1 2 3 4 5 6 7 8 91011121314151617181920
 11: -------------------------------------------
 10: | | | | | | | | | | | | | | | | | | | | | |
  9: | | | | | | | | | | | | | | | | | | | | | |
  8: | | | | | | | | | | | | | | | | | | | | | |
  7: | | | | | | | | | | | | | | | | | | | | | |
  6: | | | | | | | | | | | | | | | | | | | | | |
  5: | | | | | | | |(7,5) W| | | | | | | | | | | | | |
  4: | | | | | | | | | | | | | | | | | | | | | |
  3: | | | | | | | | | | | | | | | | | | | | | |
  2: | | | | | | | | | | | | | | | | | | | | | |
  1: | | | | | | | | | | | | | | | | | | | | | |
  0: | | | |(3,0) N| | | | | | | | | | | | | | | | | |
 -1: -------------------------------------------

 y\x  0 1 2 3 4 5 6 7 8 91011121314151617181920
 11: -------------------------------------------
 10: | | | | | | | | | | | | | | | | | | | | | |
  9: | | | | | | | | | | | | | | | | | | | | | |
  8: | | | | | | | | | | | | | | | | | | | | | |
  7: | | | | | | | | | | | | | | | | | | | | | |
  6: | | | | | | | | | | | | | | | | | | | | | |
  5: | | | | | | | | |(8,5) W| | | | | | | | | | | | |
  4: | | | | | | | | | | | | | | | | | | | | | |
  3: | | | | | | | | | | | | | | | | | | | | | |
  2: | | | | | | | | | | | | | | | | | | | | | |
  1: | | | | | | | | | | | | | | | | | | | | | |
  0: | | | |(3,0) N| | | | | | | | | | | | | | | | | |
 -1: -------------------------------------------

 y\x  0 1 2 3 4 5 6 7 8 91011121314151617181920
 11: -------------------------------------------
 10: | | | | | | | | | | | | | | | | | | | | | |
  9: | | | | | | | | | | | | | | | | | | | | | |
  8: | | | | | | | | | | | | | | | | | | | | | |
  7: | | | | | | | | | | | | | | | | | | | | | |
  6: | | | | | | | | | | | | | | | | | | | | | |
  5: | | | | | | | | |(8,5) W| | | | | | | | | | | | |
  4: | | | | | | | | | | | | | | | | | | | | | |
  3: | | | | | | | | | | | | | | | | | | | | | |
  2: | | | | | | | | | | | | | | | | | | | | | |
  1: | | | | | | | | | | | | | | | | | | | | | |
  0: | | | |(3,0) N| | | | | | | | | | | | | | | | | |
 -1: -------------------------------------------

 y\x  0 1 2 3 4 5 6 7 8 91011121314151617181920
 11: -------------------------------------------
 10: | | | | | | | | | | | | | | | | | | | | | |
  9: | | | | | | | | | | | | | | | | | | | | | |
  8: | | | | | | | | | | | | | | | | | | | | | |
  7: | | | | | | | | | | | | | | | | | | | | | |
  6: | | | | | | | | | | | | | | | | | | | | | |
  5: | | | | | | | | | |(9,5) W| | | | | | | | | | | |
  4: | | | | | | | | | | | | | | | | | | | | | |
  3: | | | | | | | | | | | | | | | | | | | | | |
  2: | | | | | | | | | | | | | | | | | | | | | |
  1: | | | | | | | | | | | | | | | | | | | | | |
  0: | | | |(3,0) N| | | | | | | | | | | | | | | | | |
 -1: -------------------------------------------

 y\x  0 1 2 3 4 5 6 7 8 91011121314151617181920
 11: -------------------------------------------
 10: | | | | | | | | | | | | | | | | | | | | | |
  9: | | | | | | | | | | | | | | | | | | | | | |
  8: | | | | | | | | | | | | | | | | | | | | | |
  7: | | | | | | | | | | | | | | | | | | | | | |
  6: | | | | | | | | | | | | | | | | | | | | | |
  5: | | | | | | | | | |(9,5) W| | | | | | | | | | | |
  4: | | | | | | | | | | | | | | | | | | | | | |
  3: | | | | | | | | | | | | | | | | | | | | | |
  2: | | | | | | | | | | | | | | | | | | | | | |
  1: | | | | | | | | | | | | | | | | | | | | | |
  0: | | | |(3,0) N| | | | | | | | | | | | | | | | | |
 -1: -------------------------------------------

 y\x  0 1 2 3 4 5 6 7 8 91011121314151617181920
 11: -------------------------------------------
 10: | | | | | | | | | | | | | | | | | | | | | |
  9: | | | | | | | | | | | | | | | | | | | | | |
  8: | | | | | | | | | | | | | | | | | | | | | |
  7: | | | | | | | | | | | | | | | | | | | | | |
  6: | | | | | | | | | | | | | | | | | | | | | |
  5: | | | | | | | | | | |(10,5) W| | | | | | | | | | |
  4: | | | | | | | | | | | | | | | | | | | | | |
  3: | | | | | | | | | | | | | | | | | | | | | |
  2: | | | | | | | | | | | | | | | | | | | | | |
  1: | | | | | | | | | | | | | | | | | | | | | |
  0: | | | |(3,0) N| | | | | | | | | | | | | | | | | |
 -1: -------------------------------------------

 y\x  0 1 2 3 4 5 6 7 8 91011121314151617181920
 11: -------------------------------------------
 10: | | | | | | | | | | | | | | | | | | | | | |
  9: | | | | | | | | | | | | | | | | | | | | | |
  8: | | | | | | | | | | | | | | | | | | | | | |
  7: | | | | | | | | | | | | | | | | | | | | | |
  6: | | | | | | | | | | | | | | | | | | | | | |
  5: | | | | | | | | | | |(10,5) W| | | | | | | | | | |
  4: | | | | | | | | | | | | | | | | | | | | | |
  3: | | | | | | | | | | | | | | | | | | | | | |
  2: | | | | | | | | | | | | | | | | | | | | | |
  1: | | | | | | | | | | | | | | | | | | | | | |
  0: | | | |(3,0) N| | | | | | | | | | | | | | | | | |
 -1: -------------------------------------------

 y\x  0 1 2 3 4 5 6 7 8 91011121314151617181920
 11: -------------------------------------------
 10: | | | | | | | | | | | | | | | | | | | | | |
  9: | | | | | | | | | | | | | | | | | | | | | |
  8: | | | | | | | | | | | | | | | | | | | | | |
  7: | | | | | | | | | | | | | | | | | | | | | |
  6: | | | | | | | | | | | | | | | | | | | | | |
  5: | | | | | | | | | | | |(11,5) W| | | | | | | | | |
  4: | | | | | | | | | | | | | | | | | | | | | |
  3: | | | | | | | | | | | | | | | | | | | | | |
  2: | | | | | | | | | | | | | | | | | | | | | |
  1: | | | | | | | | | | | | | | | | | | | | | |
  0: | | | |(3,0) N| | | | | | | | | | | | | | | | | |
 -1: -------------------------------------------

 y\x  0 1 2 3 4 5 6 7 8 91011121314151617181920
 11: -------------------------------------------
 10: | | | | | | | | | | | | | | | | | | | | | |
  9: | | | | | | | | | | | | | | | | | | | | | |
  8: | | | | | | | | | | | | | | | | | | | | | |
  7: | | | | | | | | | | | | | | | | | | | | | |
  6: | | | | | | | | | | | | | | | | | | | | | |
  5: | | | | | | | | | | | |(11,5) W| | | | | | | | | |
  4: | | | | | | | | | | | | | | | | | | | | | |
  3: | | | | | | | | | | | | | | | | | | | | | |
  2: | | | | | | | | | | | | | | | | | | | | | |
  1: | | | | | | | | | | | | | | | | | | | | | |
  0: | | | |(3,0) N| | | | | | | | | | | | | | | | | |
 -1: -------------------------------------------

 y\x  0 1 2 3 4 5 6 7 8 91011121314151617181920
 11: -------------------------------------------
 10: | | | | | | | | | | | | | | | | | | | | | |
  9: | | | | | | | | | | | | | | | | | | | | | |
  8: | | | | | | | | | | | | | | | | | | | | | |
  7: | | | | | | | | | | | | | | | | | | | | | |
  6: | | | | | | | | | | | | | | | | | | | | | |
  5: | | | | | | | | | | | | |(12,5) W| | | | | | | | |
  4: | | | | | | | | | | | | | | | | | | | | | |
  3: | | | | | | | | | | | | | | | | | | | | | |
  2: | | | | | | | | | | | | | | | | | | | | | |
  1: | | | | | | | | | | | | | | | | | | | | | |
  0: | | | |(3,0) N| | | | | | | | | | | | | | | | | |
 -1: -------------------------------------------

 y\x  0 1 2 3 4 5 6 7 8 91011121314151617181920
 11: -------------------------------------------
 10: | | | | | | | | | | | | | | | | | | | | | |
  9: | | | | | | | | | | | | | | | | | | | | | |
  8: | | | | | | | | | | | | | | | | | | | | | |
  7: | | | | | | | | | | | | | | | | | | | | | |
  6: | | | | | | | | | | | | | | | | | | | | | |
  5: | | | | | | | | | | | | |(12,5) W| | | | | | | | |
  4: | | | | | | | | | | | | | | | | | | | | | |
  3: | | | | | | | | | | | | | | | | | | | | | |
  2: | | | | | | | | | | | | | | | | | | | | | |
  1: | | | | | | | | | | | | | | | | | | | | | |
  0: | | | |(3,0) N| | | | | | | | | | | | | | | | | |
 -1: -------------------------------------------

 y\x  0 1 2 3 4 5 6 7 8 91011121314151617181920
 11: -------------------------------------------
 10: | | | | | | | | | | | | | | | | | | | | | |
  9: | | | | | | | | | | | | | | | | | | | | | |
  8: | | | | | | | | | | | | | | | | | | | | | |
  7: | | | | | | | | | | | | | | | | | | | | | |
  6: | | | | | | | | | | | | | | | | | | | | | |
  5: | | | | | | | | | | | | | |(13,5) W| | | | | | | |
  4: | | | | | | | | | | | | | | | | | | | | | |
  3: | | | | | | | | | | | | | | | | | | | | | |
  2: | | | | | | | | | | | | | | | | | | | | | |
  1: | | | | | | | | | | | | | | | | | | | | | |
  0: | | | |(3,0) N| | | | | | | | | | | | | | | | | |
 -1: -------------------------------------------

 y\x  0 1 2 3 4 5 6 7 8 91011121314151617181920
 11: -------------------------------------------
 10: | | | | | | | | | | | | | | | | | | | | | |
  9: | | | | | | | | | | | | | | | | | | | | | |
  8: | | | | | | | | | | | | | | | | | | | | | |
  7: | | | | | | | | | | | | | | | | | | | | | |
  6: | | | | | | | | | | | | | | | | | | | | | |
  5: | | | | | | | | | | | | | |(13,5) W| | | | | | | |
  4: | | | | | | | | | | | | | | | | | | | | | |
  3: | | | | | | | | | | | | | | | | | | | | | |
  2: | | | | | | | | | | | | | | | | | | | | | |
  1: | | | | | | | | | | | | | | | | | | | | | |
  0: | | | |(3,0) N| | | | | | | | | | | | | | | | | |
 -1: -------------------------------------------

 y\x  0 1 2 3 4 5 6 7 8 91011121314151617181920
 11: -------------------------------------------
 10: | | | | | | | | | | | | | | | | | | | | | |
  9: | | | | | | | | | | | | | | | | | | | | | |
  8: | | | | | | | | | | | | | | | | | | | | | |
  7: | | | | | | | | | | | | | | | | | | | | | |
  6: | | | | | | | | | | | | | | | | | | | | | |
  5: | | | | | | | | | | | | | | |(14,5) W| | | | | | |
  4: | | | | | | | | | | | | | | | | | | | | | |
  3: | | | | | | | | | | | | | | | | | | | | | |
  2: | | | | | | | | | | | | | | | | | | | | | |
  1: | | | | | | | | | | | | | | | | | | | | | |
  0: | | | |(3,0) N| | | | | | | | | | | | | | | | | |
 -1: -------------------------------------------

 y\x  0 1 2 3 4 5 6 7 8 91011121314151617181920
 11: -------------------------------------------
 10: | | | | | | | | | | | | | | | | | | | | | |
  9: | | | | | | | | | | | | | | | | | | | | | |
  8: | | | | | | | | | | | | | | | | | | | | | |
  7: | | | | | | | | | | | | | | | | | | | | | |
  6: | | | | | | | | | | | | | | | | | | | | | |
  5: | | | | | | | | | | | | | | |(14,5) W| | | | | | |
  4: | | | | | | | | | | | | | | | | | | | | | |
  3: | | | | | | | | | | | | | | | | | | | | | |
  2: | | | | | | | | | | | | | | | | | | | | | |
  1: | | | | | | | | | | | | | | | | | | | | | |
  0: | | | |(3,0) N| | | | | | | | | | | | | | | | | |
 -1: -------------------------------------------

 y\x  0 1 2 3 4 5 6 7 8 91011121314151617181920
 11: -------------------------------------------
 10: | | | | | | | | | | | | | | | | | | | | | |
  9: | | | | | | | | | | | | | | | | | | | | | |
  8: | | | | | | | | | | | | | | | | | | | | | |
  7: | | | | | | | | | | | | | | | | | | | | | |
  6: | | | | | | | | | | | | | | | | | | | | | |
  5: | | | | | | | | | | | | | | | |(15,5) W| | | | | |
  4: | | | | | | | | | | | | | | | | | | | | | |
  3: | | | | | | | | | | | | | | | | | | | | | |
  2: | | | | | | | | | | | | | | | | | | | | | |
  1: | | | | | | | | | | | | | | | | | | | | | |
  0: | | | |(3,0) N| | | | | | | | | | | | | | | | | |
 -1: -------------------------------------------

 y\x  0 1 2 3 4 5 6 7 8 91011121314151617181920
 11: -------------------------------------------
 10: | | | | | | | | | | | | | | | | | | | | | |
  9: | | | | | | | | | | | | | | | | | | | | | |
  8: | | | | | | | | | | | | | | | | | | | | | |
  7: | | | | | | | | | | | | | | | | | | | | | |
  6: | | | | | | | | | | | | | | | | | | | | | |
  5: | | | | | | | | | | | | | | | |(15,5) W| | | | | |
  4: | | | | | | | | | | | | | | | | | | | | | |
  3: | | | | | | | | | | | | | | | | | | | | | |
  2: | | | | | | | | | | | | | | | | | | | | | |
  1: | | | | | | | | | | | | | | | | | | | | | |
  0: | | | |(3,0) N| | | | | | | | | | | | | | | | | |
 -1: -------------------------------------------

 y\x  0 1 2 3 4 5 6 7 8 91011121314151617181920
 11: -------------------------------------------
 10: | | | | | | | | | | | | | | | | | | | | | |
  9: | | | | | | | | | | | | | | | | | | | | | |
  8: | | | | | | | | | | | | | | | | | | | | | |
  7: | | | | | | | | | | | | | | | | | | | | | |
  6: | | | | | | | | | | | | | | | | | | | | | |
  5: | | | | | | | | | | | | | | |(14,5) W| | | | | | |
  4: | | | | | | | | | | | | | | | | | | | | | |
  3: | | | | | | | | | | | | | | | | | | | | | |
  2: | | | | | | | | | | | | | | | | | | | | | |
  1: | | | | | | | | | | | | | | | | | | | | | |
  0: | | | |(3,0) N| | | | | | | | | | | | | | | | | |
 -1: -------------------------------------------

]]></system-out>
  <system-err><![CDATA[]]></system-err>
</testsuite>
