<?xml version="1.0" encoding="UTF-8"?>
<testsuite name="agh.ics.oop.GrassFieldTest" tests="4" skipped="0" failures="0" errors="0" timestamp="2021-12-08T20:19:31" hostname="DESKTOP-QVLD92S" time="0.046">
  <properties/>
  <testcase name="CheckisOccupied()" classname="agh.ics.oop.GrassFieldTest" time="0.029"/>
  <testcase name="CheckObjectAt()" classname="agh.ics.oop.GrassFieldTest" time="0.003"/>
  <testcase name="CheckCanMoveTo()" classname="agh.ics.oop.GrassFieldTest" time="0.002"/>
  <testcase name="CheckPlace()" classname="agh.ics.oop.GrassFieldTest" time="0.009"/>
  <system-out><![CDATA[ y\x  0 1 2 3 4 5 6 7 8 910
 11: -----------------------
 10: | | | | | | | | | |*| |
  9: | | | | | | | | | | | |
  8: | | | |*| | | | |*| | |
  7: | | | | | | | | | | |*|
  6: | | | | | | | | | | | |
  5: | | | |*| | | | | | | |
  4: | | | | | | | |*| | | |
  3: | |*| | | | | | | | | |
  2: | | |*| | | | | | | | |
  1: | | |*| | | |*| | | | |
  0: | | | | | | | | | | | |
 -1: -----------------------

]]></system-out>
  <system-err><![CDATA[]]></system-err>
</testsuite>
